2025-11-20 10:33:18,014 - INFO - Before Number of Rows for Good Customer : 111930
2025-11-20 10:33:18,027 - INFO - Before Number of Rows for Bad Customer : 8070
2025-11-20 10:33:18,475 - INFO - After Number of Rows for Good Customer : 111930
2025-11-20 10:33:18,499 - INFO - After Number of Rows for Bad Customer : 111930
2025-11-20 10:33:18,499 - INFO - ==================Before scaling=============
2025-11-20 10:33:18,527 - INFO -         age_yeo_trim  NumberOfOpenCreditLinesAndLoans_yeo_trim  ...  Occupation_Od  Education_Od
187399     19.238623                                  3.748067  ...       4.000000      4.000000
218619     12.718482                                  2.433716  ...       2.000000      4.000000
37992      18.214066                                  2.532317  ...       0.000000      4.000000
136153     17.692731                                  0.251182  ...       3.859947      3.859947
34006      25.789274                                  3.840328  ...       0.000000      0.000000
136662     15.974701                                  3.947026  ...       0.000000      2.000000
35501      15.618437                                  3.614940  ...       1.000000      3.000000

[7 rows x 12 columns]
2025-11-20 10:33:18,607 - INFO - ==================After scaling=============
2025-11-20 10:33:18,608 - INFO - [[-0.78510152 -0.77418617 -1.1441428  ... -0.90804869  0.98633466
  -1.38373769]
 [ 0.44699017  0.69578713  0.35508292 ... -0.90804869  0.98633466
  -0.75330858]
 [-1.10231529 -0.26418059 -1.1441428  ...  1.20750493 -1.36504603
   1.13797875]
 ...
 [-1.24418374 -1.19484002 -1.1441428  ... -0.90804869  0.98633466
  -0.75330858]
 [ 0.27307954 -2.17825641 -1.1441428  ... -0.90804869  0.98633466
  -0.75330858]
 [-0.3888886   1.04714868  1.20357763 ... -0.75274664  0.98633466
   0.50754964]]
