2025-11-20 10:33:17,242 - INFO - columns before constant technique : Index(['NPA Status_yeo_trim', 'RevolvingUtilizationOfUnsecuredLines_yeo_trim',
       'age_yeo_trim', 'NumberOfTime30-59DaysPastDueNotWorse_yeo_trim',
       'DebtRatio_yeo_trim', 'NumberOfOpenCreditLinesAndLoans_yeo_trim',
       'NumberOfTimes90DaysLate_yeo_trim',
       'NumberRealEstateLoansOrLines_yeo_trim',
       'NumberOfTime60-89DaysPastDueNotWorse_yeo_trim',
       'MonthlyIncome_replaced_yeo_trim',
       'NumberOfDependents_replaced_yeo_trim'],
      dtype='object') -> (120000, 11) -> (30000, 11)
2025-11-20 10:33:17,286 - INFO - After Constant techniques columns : Index(['RevolvingUtilizationOfUnsecuredLines_yeo_trim', 'age_yeo_trim',
       'DebtRatio_yeo_trim', 'NumberOfOpenCreditLinesAndLoans_yeo_trim',
       'NumberRealEstateLoansOrLines_yeo_trim',
       'MonthlyIncome_replaced_yeo_trim',
       'NumberOfDependents_replaced_yeo_trim'],
      dtype='object') -> (120000, 7) -> (30000, 7)
2025-11-20 10:33:17,286 - INFO - =============================================================
2025-11-20 10:33:17,286 - INFO - columns before Quasi constant technique : Index(['RevolvingUtilizationOfUnsecuredLines_yeo_trim', 'age_yeo_trim',
       'DebtRatio_yeo_trim', 'NumberOfOpenCreditLinesAndLoans_yeo_trim',
       'NumberRealEstateLoansOrLines_yeo_trim',
       'MonthlyIncome_replaced_yeo_trim',
       'NumberOfDependents_replaced_yeo_trim'],
      dtype='object') -> (120000, 7) -> (30000, 7)
2025-11-20 10:33:17,308 - INFO - After Quasi Constant techniques columns : Index(['age_yeo_trim', 'DebtRatio_yeo_trim',
       'NumberOfOpenCreditLinesAndLoans_yeo_trim',
       'NumberRealEstateLoansOrLines_yeo_trim',
       'MonthlyIncome_replaced_yeo_trim'],
      dtype='object') -> (120000, 5) -> (30000, 5)
2025-11-20 10:33:17,308 - INFO - ==================================================================
