2025-11-20 10:33:13,743 - INFO - Before Filling Null values Training data: (120000, 16)
2025-11-20 10:33:13,743 - INFO - Before Filling Null values Testing data: (30000, 16)
2025-11-20 10:33:14,003 - INFO - After Filling Null values : (120000, 16)
2025-11-20 10:33:14,004 - INFO - After Filling Null values : (30000, 16)
2025-11-20 10:33:14,042 - INFO - Training data null values : NPA Status                              0
RevolvingUtilizationOfUnsecuredLines    0
age                                     0
Gender                                  0
Region                                  0
Rented_OwnHouse                         0
Occupation                              0
Education                               0
NumberOfTime30-59DaysPastDueNotWorse    0
DebtRatio                               0
NumberOfOpenCreditLinesAndLoans         0
NumberOfTimes90DaysLate                 0
NumberRealEstateLoansOrLines            0
NumberOfTime60-89DaysPastDueNotWorse    0
MonthlyIncome_replaced                  0
NumberOfDependents_replaced             0
dtype: int64
2025-11-20 10:33:14,053 - INFO - testing data null values : NPA Status                              0
RevolvingUtilizationOfUnsecuredLines    0
age                                     0
Gender                                  0
Region                                  0
Rented_OwnHouse                         0
Occupation                              0
Education                               0
NumberOfTime30-59DaysPastDueNotWorse    0
DebtRatio                               0
NumberOfOpenCreditLinesAndLoans         0
NumberOfTimes90DaysLate                 0
NumberRealEstateLoansOrLines            0
NumberOfTime60-89DaysPastDueNotWorse    0
MonthlyIncome_replaced                  0
NumberOfDependents_replaced             0
dtype: int64
